<?xml version="1.0" encoding="UTF-8"?>
<testng-results ignored="0" total="2" passed="2" failed="0" skipped="0">
  <reporter-output>
  </reporter-output>
  <suite started-at="2024-12-29T20:02:10 IST" name="Master Suite" finished-at="2024-12-29T20:02:40 IST" duration-ms="29760">
    <groups>
      <group name="Master">
        <method signature="TC002_LoginTest.verify_Login()[pri:0, instance:testCases.TC002_LoginTest@600b90df]" name="verify_Login" class="testCases.TC002_LoginTest"/>
        <method signature="TC01_AccountRegistrationTest.verify_acount_registartion()[pri:0, instance:testCases.TC01_AccountRegistrationTest@106cc338]" name="verify_acount_registartion" class="testCases.TC01_AccountRegistrationTest"/>
      </group> <!-- Master -->
      <group name="Sanity">
        <method signature="TC002_LoginTest.verify_Login()[pri:0, instance:testCases.TC002_LoginTest@600b90df]" name="verify_Login" class="testCases.TC002_LoginTest"/>
      </group> <!-- Sanity -->
      <group name="Regression">
        <method signature="TC01_AccountRegistrationTest.verify_acount_registartion()[pri:0, instance:testCases.TC01_AccountRegistrationTest@106cc338]" name="verify_acount_registartion" class="testCases.TC01_AccountRegistrationTest"/>
      </group> <!-- Regression -->
    </groups>
    <test started-at="2024-12-29T20:02:10 IST" name="Test" finished-at="2024-12-29T20:02:40 IST" duration-ms="29760">
      <class name="testCases.TC01_AccountRegistrationTest">
        <test-method is-config="true" signature="setup(java.lang.String,java.lang.String)[pri:0, instance:testCases.TC01_AccountRegistrationTest@106cc338]" started-at="2024-12-29T20:02:11 IST" name="setup" finished-at="2024-12-29T20:02:22 IST" duration-ms="11022" status="PASS">
          <params>
            <param index="0">
              <value>
                <![CDATA[Windows]]>
              </value>
            </param>
            <param index="1">
              <value>
                <![CDATA[chrome]]>
              </value>
            </param>
          </params>
          <reporter-output>
          </reporter-output>
        </test-method> <!-- setup -->
        <test-method signature="verify_acount_registartion()[pri:0, instance:testCases.TC01_AccountRegistrationTest@106cc338]" started-at="2024-12-29T20:02:22 IST" name="verify_acount_registartion" finished-at="2024-12-29T20:02:25 IST" duration-ms="3566" status="PASS">
          <reporter-output>
          </reporter-output>
        </test-method> <!-- verify_acount_registartion -->
        <test-method is-config="true" signature="tearDown()[pri:0, instance:testCases.TC01_AccountRegistrationTest@106cc338]" started-at="2024-12-29T20:02:25 IST" name="tearDown" finished-at="2024-12-29T20:02:25 IST" duration-ms="1" status="PASS">
          <reporter-output>
          </reporter-output>
        </test-method> <!-- tearDown -->
      </class> <!-- testCases.TC01_AccountRegistrationTest -->
      <class name="testCases.TC002_LoginTest">
        <test-method is-config="true" signature="setup(java.lang.String,java.lang.String)[pri:0, instance:testCases.TC002_LoginTest@600b90df]" started-at="2024-12-29T20:02:25 IST" name="setup" finished-at="2024-12-29T20:02:37 IST" duration-ms="11442" status="PASS">
          <params>
            <param index="0">
              <value>
                <![CDATA[Windows]]>
              </value>
            </param>
            <param index="1">
              <value>
                <![CDATA[chrome]]>
              </value>
            </param>
          </params>
          <reporter-output>
          </reporter-output>
        </test-method> <!-- setup -->
        <test-method signature="verify_Login()[pri:0, instance:testCases.TC002_LoginTest@600b90df]" started-at="2024-12-29T20:02:37 IST" name="verify_Login" finished-at="2024-12-29T20:02:40 IST" duration-ms="3282" status="PASS">
          <reporter-output>
          </reporter-output>
        </test-method> <!-- verify_Login -->
        <test-method is-config="true" signature="tearDown()[pri:0, instance:testCases.TC002_LoginTest@600b90df]" started-at="2024-12-29T20:02:40 IST" name="tearDown" finished-at="2024-12-29T20:02:40 IST" duration-ms="3" status="PASS">
          <reporter-output>
          </reporter-output>
        </test-method> <!-- tearDown -->
      </class> <!-- testCases.TC002_LoginTest -->
    </test> <!-- Test -->
  </suite> <!-- Master Suite -->
</testng-results>
