<?xml version="1.0" encoding="UTF-8"?>
<testng-results ignored="0" total="2" passed="2" failed="0" skipped="0">
  <reporter-output>
  </reporter-output>
  <suite started-at="2024-12-30T15:07:43 IST" name="Master Suite" finished-at="2024-12-30T15:08:20 IST" duration-ms="36945">
    <groups>
      <group name="Master">
        <method signature="TC002_LoginTest.verify_Login()[pri:0, instance:testCases.TC002_LoginTest@4cc6fa2a]" name="verify_Login" class="testCases.TC002_LoginTest"/>
        <method signature="TC01_AccountRegistrationTest.verify_acount_registartion()[pri:0, instance:testCases.TC01_AccountRegistrationTest@f73dcd6]" name="verify_acount_registartion" class="testCases.TC01_AccountRegistrationTest"/>
      </group> <!-- Master -->
      <group name="Sanity">
        <method signature="TC002_LoginTest.verify_Login()[pri:0, instance:testCases.TC002_LoginTest@4cc6fa2a]" name="verify_Login" class="testCases.TC002_LoginTest"/>
      </group> <!-- Sanity -->
      <group name="Regression">
        <method signature="TC01_AccountRegistrationTest.verify_acount_registartion()[pri:0, instance:testCases.TC01_AccountRegistrationTest@f73dcd6]" name="verify_acount_registartion" class="testCases.TC01_AccountRegistrationTest"/>
      </group> <!-- Regression -->
    </groups>
    <test started-at="2024-12-30T15:07:43 IST" name="Test" finished-at="2024-12-30T15:08:20 IST" duration-ms="36945">
      <class name="testCases.TC01_AccountRegistrationTest">
        <test-method is-config="true" signature="setup(java.lang.String,java.lang.String)[pri:0, instance:testCases.TC01_AccountRegistrationTest@f73dcd6]" started-at="2024-12-30T15:07:44 IST" name="setup" finished-at="2024-12-30T15:08:00 IST" duration-ms="16446" status="PASS">
          <params>
            <param index="0">
              <value>
                <![CDATA[Windows]]>
              </value>
            </param>
            <param index="1">
              <value>
                <![CDATA[chrome]]>
              </value>
            </param>
          </params>
          <reporter-output>
          </reporter-output>
        </test-method> <!-- setup -->
        <test-method signature="verify_acount_registartion()[pri:0, instance:testCases.TC01_AccountRegistrationTest@f73dcd6]" started-at="2024-12-30T15:08:00 IST" name="verify_acount_registartion" finished-at="2024-12-30T15:08:04 IST" duration-ms="3817" status="PASS">
          <reporter-output>
          </reporter-output>
        </test-method> <!-- verify_acount_registartion -->
        <test-method is-config="true" signature="tearDown()[pri:0, instance:testCases.TC01_AccountRegistrationTest@f73dcd6]" started-at="2024-12-30T15:08:04 IST" name="tearDown" finished-at="2024-12-30T15:08:04 IST" duration-ms="1" status="PASS">
          <reporter-output>
          </reporter-output>
        </test-method> <!-- tearDown -->
      </class> <!-- testCases.TC01_AccountRegistrationTest -->
      <class name="testCases.TC002_LoginTest">
        <test-method is-config="true" signature="setup(java.lang.String,java.lang.String)[pri:0, instance:testCases.TC002_LoginTest@4cc6fa2a]" started-at="2024-12-30T15:08:04 IST" name="setup" finished-at="2024-12-30T15:08:17 IST" duration-ms="13006" status="PASS">
          <params>
            <param index="0">
              <value>
                <![CDATA[Windows]]>
              </value>
            </param>
            <param index="1">
              <value>
                <![CDATA[chrome]]>
              </value>
            </param>
          </params>
          <reporter-output>
          </reporter-output>
        </test-method> <!-- setup -->
        <test-method signature="verify_Login()[pri:0, instance:testCases.TC002_LoginTest@4cc6fa2a]" started-at="2024-12-30T15:08:17 IST" name="verify_Login" finished-at="2024-12-30T15:08:20 IST" duration-ms="2926" status="PASS">
          <reporter-output>
          </reporter-output>
        </test-method> <!-- verify_Login -->
        <test-method is-config="true" signature="tearDown()[pri:0, instance:testCases.TC002_LoginTest@4cc6fa2a]" started-at="2024-12-30T15:08:20 IST" name="tearDown" finished-at="2024-12-30T15:08:20 IST" duration-ms="1" status="PASS">
          <reporter-output>
          </reporter-output>
        </test-method> <!-- tearDown -->
      </class> <!-- testCases.TC002_LoginTest -->
    </test> <!-- Test -->
  </suite> <!-- Master Suite -->
</testng-results>
